<?xml version="1.0" encoding="UTF-8"?>
<testsuite xmlns:xsi="http://www.w3.org/2001/XMLSchema-instance" xsi:noNamespaceSchemaLocation="https://maven.apache.org/surefire/maven-surefire-plugin/xsd/surefire-test-report.xsd" name="com.bootcamp.be_java_hisp_w16_g10.service.UserServiceTest" time="0.705" tests="24" errors="0" skipped="0" failures="0">
  <properties>
    <property name="gopherProxySet" value="false"/>
    <property name="awt.toolkit" value="sun.lwawt.macosx.LWCToolkit"/>
    <property name="java.specification.version" value="11"/>
    <property name="sun.cpu.isalist" value=""/>
    <property name="sun.jnu.encoding" value="UTF-8"/>
    <property name="java.class.path" value="/Users/alerojas/Proyectos/practicas-w16/6. sprint II/be_java_hisp_w16_g10_rojas/target/test-classes:/Users/alerojas/Proyectos/practicas-w16/6. sprint II/be_java_hisp_w16_g10_rojas/target/classes:/Users/alerojas/.m2/repository/org/springframework/boot/spring-boot-starter-web/2.7.2/spring-boot-starter-web-2.7.2.jar:/Users/alerojas/.m2/repository/org/springframework/boot/spring-boot-starter/2.7.2/spring-boot-starter-2.7.2.jar:/Users/alerojas/.m2/repository/org/springframework/boot/spring-boot-starter-logging/2.7.2/spring-boot-starter-logging-2.7.2.jar:/Users/alerojas/.m2/repository/ch/qos/logback/logback-classic/1.2.11/logback-classic-1.2.11.jar:/Users/alerojas/.m2/repository/ch/qos/logback/logback-core/1.2.11/logback-core-1.2.11.jar:/Users/alerojas/.m2/repository/org/apache/logging/log4j/log4j-to-slf4j/2.17.2/log4j-to-slf4j-2.17.2.jar:/Users/alerojas/.m2/repository/org/apache/logging/log4j/log4j-api/2.17.2/log4j-api-2.17.2.jar:/Users/alerojas/.m2/repository/org/slf4j/jul-to-slf4j/1.7.36/jul-to-slf4j-1.7.36.jar:/Users/alerojas/.m2/repository/jakarta/annotation/jakarta.annotation-api/1.3.5/jakarta.annotation-api-1.3.5.jar:/Users/alerojas/.m2/repository/org/yaml/snakeyaml/1.30/snakeyaml-1.30.jar:/Users/alerojas/.m2/repository/org/springframework/boot/spring-boot-starter-json/2.7.2/spring-boot-starter-json-2.7.2.jar:/Users/alerojas/.m2/repository/com/fasterxml/jackson/core/jackson-databind/2.13.3/jackson-databind-2.13.3.jar:/Users/alerojas/.m2/repository/com/fasterxml/jackson/core/jackson-annotations/2.13.3/jackson-annotations-2.13.3.jar:/Users/alerojas/.m2/repository/com/fasterxml/jackson/core/jackson-core/2.13.3/jackson-core-2.13.3.jar:/Users/alerojas/.m2/repository/com/fasterxml/jackson/datatype/jackson-datatype-jdk8/2.13.3/jackson-datatype-jdk8-2.13.3.jar:/Users/alerojas/.m2/repository/com/fasterxml/jackson/datatype/jackson-datatype-jsr310/2.13.3/jackson-datatype-jsr310-2.13.3.jar:/Users/alerojas/.m2/repository/com/fasterxml/jackson/module/jackson-module-parameter-names/2.13.3/jackson-module-parameter-names-2.13.3.jar:/Users/alerojas/.m2/repository/org/springframework/boot/spring-boot-starter-tomcat/2.7.2/spring-boot-starter-tomcat-2.7.2.jar:/Users/alerojas/.m2/repository/org/apache/tomcat/embed/tomcat-embed-core/9.0.65/tomcat-embed-core-9.0.65.jar:/Users/alerojas/.m2/repository/org/apache/tomcat/embed/tomcat-embed-websocket/9.0.65/tomcat-embed-websocket-9.0.65.jar:/Users/alerojas/.m2/repository/org/springframework/spring-web/5.3.22/spring-web-5.3.22.jar:/Users/alerojas/.m2/repository/org/springframework/spring-beans/5.3.22/spring-beans-5.3.22.jar:/Users/alerojas/.m2/repository/org/springframework/spring-webmvc/5.3.22/spring-webmvc-5.3.22.jar:/Users/alerojas/.m2/repository/org/springframework/spring-aop/5.3.22/spring-aop-5.3.22.jar:/Users/alerojas/.m2/repository/org/springframework/spring-context/5.3.22/spring-context-5.3.22.jar:/Users/alerojas/.m2/repository/org/springframework/spring-expression/5.3.22/spring-expression-5.3.22.jar:/Users/alerojas/.m2/repository/org/springframework/boot/spring-boot-devtools/2.7.2/spring-boot-devtools-2.7.2.jar:/Users/alerojas/.m2/repository/org/springframework/boot/spring-boot/2.7.2/spring-boot-2.7.2.jar:/Users/alerojas/.m2/repository/org/springframework/boot/spring-boot-autoconfigure/2.7.2/spring-boot-autoconfigure-2.7.2.jar:/Users/alerojas/.m2/repository/org/projectlombok/lombok/1.18.24/lombok-1.18.24.jar:/Users/alerojas/.m2/repository/org/springframework/boot/spring-boot-starter-test/2.7.2/spring-boot-starter-test-2.7.2.jar:/Users/alerojas/.m2/repository/org/springframework/boot/spring-boot-test/2.7.2/spring-boot-test-2.7.2.jar:/Users/alerojas/.m2/repository/org/springframework/boot/spring-boot-test-autoconfigure/2.7.2/spring-boot-test-autoconfigure-2.7.2.jar:/Users/alerojas/.m2/repository/com/jayway/jsonpath/json-path/2.7.0/json-path-2.7.0.jar:/Users/alerojas/.m2/repository/net/minidev/json-smart/2.4.8/json-smart-2.4.8.jar:/Users/alerojas/.m2/repository/net/minidev/accessors-smart/2.4.8/accessors-smart-2.4.8.jar:/Users/alerojas/.m2/repository/org/ow2/asm/asm/9.1/asm-9.1.jar:/Users/alerojas/.m2/repository/org/slf4j/slf4j-api/1.7.36/slf4j-api-1.7.36.jar:/Users/alerojas/.m2/repository/jakarta/xml/bind/jakarta.xml.bind-api/2.3.3/jakarta.xml.bind-api-2.3.3.jar:/Users/alerojas/.m2/repository/jakarta/activation/jakarta.activation-api/1.2.2/jakarta.activation-api-1.2.2.jar:/Users/alerojas/.m2/repository/org/assertj/assertj-core/3.22.0/assertj-core-3.22.0.jar:/Users/alerojas/.m2/repository/org/hamcrest/hamcrest/2.2/hamcrest-2.2.jar:/Users/alerojas/.m2/repository/org/junit/jupiter/junit-jupiter/5.8.2/junit-jupiter-5.8.2.jar:/Users/alerojas/.m2/repository/org/junit/jupiter/junit-jupiter-api/5.8.2/junit-jupiter-api-5.8.2.jar:/Users/alerojas/.m2/repository/org/opentest4j/opentest4j/1.2.0/opentest4j-1.2.0.jar:/Users/alerojas/.m2/repository/org/junit/platform/junit-platform-commons/1.8.2/junit-platform-commons-1.8.2.jar:/Users/alerojas/.m2/repository/org/apiguardian/apiguardian-api/1.1.2/apiguardian-api-1.1.2.jar:/Users/alerojas/.m2/repository/org/junit/jupiter/junit-jupiter-params/5.8.2/junit-jupiter-params-5.8.2.jar:/Users/alerojas/.m2/repository/org/junit/jupiter/junit-jupiter-engine/5.8.2/junit-jupiter-engine-5.8.2.jar:/Users/alerojas/.m2/repository/org/junit/platform/junit-platform-engine/1.8.2/junit-platform-engine-1.8.2.jar:/Users/alerojas/.m2/repository/org/mockito/mockito-core/4.5.1/mockito-core-4.5.1.jar:/Users/alerojas/.m2/repository/net/bytebuddy/byte-buddy/1.12.12/byte-buddy-1.12.12.jar:/Users/alerojas/.m2/repository/net/bytebuddy/byte-buddy-agent/1.12.12/byte-buddy-agent-1.12.12.jar:/Users/alerojas/.m2/repository/org/objenesis/objenesis/3.2/objenesis-3.2.jar:/Users/alerojas/.m2/repository/org/mockito/mockito-junit-jupiter/4.5.1/mockito-junit-jupiter-4.5.1.jar:/Users/alerojas/.m2/repository/org/skyscreamer/jsonassert/1.5.1/jsonassert-1.5.1.jar:/Users/alerojas/.m2/repository/com/vaadin/external/google/android-json/0.0.20131108.vaadin1/android-json-0.0.20131108.vaadin1.jar:/Users/alerojas/.m2/repository/org/springframework/spring-core/5.3.22/spring-core-5.3.22.jar:/Users/alerojas/.m2/repository/org/springframework/spring-jcl/5.3.22/spring-jcl-5.3.22.jar:/Users/alerojas/.m2/repository/org/springframework/spring-test/5.3.22/spring-test-5.3.22.jar:/Users/alerojas/.m2/repository/org/xmlunit/xmlunit-core/2.9.0/xmlunit-core-2.9.0.jar:/Users/alerojas/.m2/repository/org/springframework/boot/spring-boot-starter-validation/2.7.2/spring-boot-starter-validation-2.7.2.jar:/Users/alerojas/.m2/repository/org/apache/tomcat/embed/tomcat-embed-el/9.0.65/tomcat-embed-el-9.0.65.jar:/Users/alerojas/.m2/repository/org/hibernate/validator/hibernate-validator/6.2.3.Final/hibernate-validator-6.2.3.Final.jar:/Users/alerojas/.m2/repository/jakarta/validation/jakarta.validation-api/2.0.2/jakarta.validation-api-2.0.2.jar:/Users/alerojas/.m2/repository/org/jboss/logging/jboss-logging/3.4.3.Final/jboss-logging-3.4.3.Final.jar:/Users/alerojas/.m2/repository/com/fasterxml/classmate/1.5.1/classmate-1.5.1.jar:/Users/alerojas/.m2/repository/org/mockito/mockito-inline/3.8.0/mockito-inline-3.8.0.jar:"/>
    <property name="java.vm.vendor" value="Amazon.com Inc."/>
    <property name="sun.arch.data.model" value="64"/>
    <property name="java.vendor.url" value="https://aws.amazon.com/corretto/"/>
    <property name="user.timezone" value=""/>
    <property name="java.vm.specification.version" value="11"/>
    <property name="os.name" value="Mac OS X"/>
    <property name="sun.java.launcher" value="SUN_STANDARD"/>
    <property name="user.country" value="419"/>
    <property name="sun.boot.library.path" value="/Library/Java/JavaVirtualMachines/amazon-corretto-11.jdk/Contents/Home/lib"/>
    <property name="sun.java.command" value="/Users/alerojas/Proyectos/practicas-w16/6. sprint II/be_java_hisp_w16_g10_rojas/target/surefire/surefirebooter11086823476292384133.jar /Users/alerojas/Proyectos/practicas-w16/6. sprint II/be_java_hisp_w16_g10_rojas/target/surefire 2022-08-22T16-46-39_533-jvmRun1 surefire9268277790421462462tmp surefire_03537957532348821090tmp"/>
    <property name="http.nonProxyHosts" value="local|*.local|169.254/16|*.169.254/16"/>
    <property name="jdk.debug" value="release"/>
    <property name="surefire.test.class.path" value="/Users/alerojas/Proyectos/practicas-w16/6. sprint II/be_java_hisp_w16_g10_rojas/target/test-classes:/Users/alerojas/Proyectos/practicas-w16/6. sprint II/be_java_hisp_w16_g10_rojas/target/classes:/Users/alerojas/.m2/repository/org/springframework/boot/spring-boot-starter-web/2.7.2/spring-boot-starter-web-2.7.2.jar:/Users/alerojas/.m2/repository/org/springframework/boot/spring-boot-starter/2.7.2/spring-boot-starter-2.7.2.jar:/Users/alerojas/.m2/repository/org/springframework/boot/spring-boot-starter-logging/2.7.2/spring-boot-starter-logging-2.7.2.jar:/Users/alerojas/.m2/repository/ch/qos/logback/logback-classic/1.2.11/logback-classic-1.2.11.jar:/Users/alerojas/.m2/repository/ch/qos/logback/logback-core/1.2.11/logback-core-1.2.11.jar:/Users/alerojas/.m2/repository/org/apache/logging/log4j/log4j-to-slf4j/2.17.2/log4j-to-slf4j-2.17.2.jar:/Users/alerojas/.m2/repository/org/apache/logging/log4j/log4j-api/2.17.2/log4j-api-2.17.2.jar:/Users/alerojas/.m2/repository/org/slf4j/jul-to-slf4j/1.7.36/jul-to-slf4j-1.7.36.jar:/Users/alerojas/.m2/repository/jakarta/annotation/jakarta.annotation-api/1.3.5/jakarta.annotation-api-1.3.5.jar:/Users/alerojas/.m2/repository/org/yaml/snakeyaml/1.30/snakeyaml-1.30.jar:/Users/alerojas/.m2/repository/org/springframework/boot/spring-boot-starter-json/2.7.2/spring-boot-starter-json-2.7.2.jar:/Users/alerojas/.m2/repository/com/fasterxml/jackson/core/jackson-databind/2.13.3/jackson-databind-2.13.3.jar:/Users/alerojas/.m2/repository/com/fasterxml/jackson/core/jackson-annotations/2.13.3/jackson-annotations-2.13.3.jar:/Users/alerojas/.m2/repository/com/fasterxml/jackson/core/jackson-core/2.13.3/jackson-core-2.13.3.jar:/Users/alerojas/.m2/repository/com/fasterxml/jackson/datatype/jackson-datatype-jdk8/2.13.3/jackson-datatype-jdk8-2.13.3.jar:/Users/alerojas/.m2/repository/com/fasterxml/jackson/datatype/jackson-datatype-jsr310/2.13.3/jackson-datatype-jsr310-2.13.3.jar:/Users/alerojas/.m2/repository/com/fasterxml/jackson/module/jackson-module-parameter-names/2.13.3/jackson-module-parameter-names-2.13.3.jar:/Users/alerojas/.m2/repository/org/springframework/boot/spring-boot-starter-tomcat/2.7.2/spring-boot-starter-tomcat-2.7.2.jar:/Users/alerojas/.m2/repository/org/apache/tomcat/embed/tomcat-embed-core/9.0.65/tomcat-embed-core-9.0.65.jar:/Users/alerojas/.m2/repository/org/apache/tomcat/embed/tomcat-embed-websocket/9.0.65/tomcat-embed-websocket-9.0.65.jar:/Users/alerojas/.m2/repository/org/springframework/spring-web/5.3.22/spring-web-5.3.22.jar:/Users/alerojas/.m2/repository/org/springframework/spring-beans/5.3.22/spring-beans-5.3.22.jar:/Users/alerojas/.m2/repository/org/springframework/spring-webmvc/5.3.22/spring-webmvc-5.3.22.jar:/Users/alerojas/.m2/repository/org/springframework/spring-aop/5.3.22/spring-aop-5.3.22.jar:/Users/alerojas/.m2/repository/org/springframework/spring-context/5.3.22/spring-context-5.3.22.jar:/Users/alerojas/.m2/repository/org/springframework/spring-expression/5.3.22/spring-expression-5.3.22.jar:/Users/alerojas/.m2/repository/org/springframework/boot/spring-boot-devtools/2.7.2/spring-boot-devtools-2.7.2.jar:/Users/alerojas/.m2/repository/org/springframework/boot/spring-boot/2.7.2/spring-boot-2.7.2.jar:/Users/alerojas/.m2/repository/org/springframework/boot/spring-boot-autoconfigure/2.7.2/spring-boot-autoconfigure-2.7.2.jar:/Users/alerojas/.m2/repository/org/projectlombok/lombok/1.18.24/lombok-1.18.24.jar:/Users/alerojas/.m2/repository/org/springframework/boot/spring-boot-starter-test/2.7.2/spring-boot-starter-test-2.7.2.jar:/Users/alerojas/.m2/repository/org/springframework/boot/spring-boot-test/2.7.2/spring-boot-test-2.7.2.jar:/Users/alerojas/.m2/repository/org/springframework/boot/spring-boot-test-autoconfigure/2.7.2/spring-boot-test-autoconfigure-2.7.2.jar:/Users/alerojas/.m2/repository/com/jayway/jsonpath/json-path/2.7.0/json-path-2.7.0.jar:/Users/alerojas/.m2/repository/net/minidev/json-smart/2.4.8/json-smart-2.4.8.jar:/Users/alerojas/.m2/repository/net/minidev/accessors-smart/2.4.8/accessors-smart-2.4.8.jar:/Users/alerojas/.m2/repository/org/ow2/asm/asm/9.1/asm-9.1.jar:/Users/alerojas/.m2/repository/org/slf4j/slf4j-api/1.7.36/slf4j-api-1.7.36.jar:/Users/alerojas/.m2/repository/jakarta/xml/bind/jakarta.xml.bind-api/2.3.3/jakarta.xml.bind-api-2.3.3.jar:/Users/alerojas/.m2/repository/jakarta/activation/jakarta.activation-api/1.2.2/jakarta.activation-api-1.2.2.jar:/Users/alerojas/.m2/repository/org/assertj/assertj-core/3.22.0/assertj-core-3.22.0.jar:/Users/alerojas/.m2/repository/org/hamcrest/hamcrest/2.2/hamcrest-2.2.jar:/Users/alerojas/.m2/repository/org/junit/jupiter/junit-jupiter/5.8.2/junit-jupiter-5.8.2.jar:/Users/alerojas/.m2/repository/org/junit/jupiter/junit-jupiter-api/5.8.2/junit-jupiter-api-5.8.2.jar:/Users/alerojas/.m2/repository/org/opentest4j/opentest4j/1.2.0/opentest4j-1.2.0.jar:/Users/alerojas/.m2/repository/org/junit/platform/junit-platform-commons/1.8.2/junit-platform-commons-1.8.2.jar:/Users/alerojas/.m2/repository/org/apiguardian/apiguardian-api/1.1.2/apiguardian-api-1.1.2.jar:/Users/alerojas/.m2/repository/org/junit/jupiter/junit-jupiter-params/5.8.2/junit-jupiter-params-5.8.2.jar:/Users/alerojas/.m2/repository/org/junit/jupiter/junit-jupiter-engine/5.8.2/junit-jupiter-engine-5.8.2.jar:/Users/alerojas/.m2/repository/org/junit/platform/junit-platform-engine/1.8.2/junit-platform-engine-1.8.2.jar:/Users/alerojas/.m2/repository/org/mockito/mockito-core/4.5.1/mockito-core-4.5.1.jar:/Users/alerojas/.m2/repository/net/bytebuddy/byte-buddy/1.12.12/byte-buddy-1.12.12.jar:/Users/alerojas/.m2/repository/net/bytebuddy/byte-buddy-agent/1.12.12/byte-buddy-agent-1.12.12.jar:/Users/alerojas/.m2/repository/org/objenesis/objenesis/3.2/objenesis-3.2.jar:/Users/alerojas/.m2/repository/org/mockito/mockito-junit-jupiter/4.5.1/mockito-junit-jupiter-4.5.1.jar:/Users/alerojas/.m2/repository/org/skyscreamer/jsonassert/1.5.1/jsonassert-1.5.1.jar:/Users/alerojas/.m2/repository/com/vaadin/external/google/android-json/0.0.20131108.vaadin1/android-json-0.0.20131108.vaadin1.jar:/Users/alerojas/.m2/repository/org/springframework/spring-core/5.3.22/spring-core-5.3.22.jar:/Users/alerojas/.m2/repository/org/springframework/spring-jcl/5.3.22/spring-jcl-5.3.22.jar:/Users/alerojas/.m2/repository/org/springframework/spring-test/5.3.22/spring-test-5.3.22.jar:/Users/alerojas/.m2/repository/org/xmlunit/xmlunit-core/2.9.0/xmlunit-core-2.9.0.jar:/Users/alerojas/.m2/repository/org/springframework/boot/spring-boot-starter-validation/2.7.2/spring-boot-starter-validation-2.7.2.jar:/Users/alerojas/.m2/repository/org/apache/tomcat/embed/tomcat-embed-el/9.0.65/tomcat-embed-el-9.0.65.jar:/Users/alerojas/.m2/repository/org/hibernate/validator/hibernate-validator/6.2.3.Final/hibernate-validator-6.2.3.Final.jar:/Users/alerojas/.m2/repository/jakarta/validation/jakarta.validation-api/2.0.2/jakarta.validation-api-2.0.2.jar:/Users/alerojas/.m2/repository/org/jboss/logging/jboss-logging/3.4.3.Final/jboss-logging-3.4.3.Final.jar:/Users/alerojas/.m2/repository/com/fasterxml/classmate/1.5.1/classmate-1.5.1.jar:/Users/alerojas/.m2/repository/org/mockito/mockito-inline/3.8.0/mockito-inline-3.8.0.jar:"/>
    <property name="sun.cpu.endian" value="little"/>
    <property name="user.home" value="/Users/alerojas"/>
    <property name="user.language" value="es"/>
    <property name="java.specification.vendor" value="Oracle Corporation"/>
    <property name="java.version.date" value="2022-07-19"/>
    <property name="java.home" value="/Library/Java/JavaVirtualMachines/amazon-corretto-11.jdk/Contents/Home"/>
    <property name="file.separator" value="/"/>
    <property name="basedir" value="/Users/alerojas/Proyectos/practicas-w16/6. sprint II/be_java_hisp_w16_g10_rojas"/>
    <property name="java.vm.compressedOopsMode" value="Zero based"/>
    <property name="line.separator" value="&#10;"/>
    <property name="java.specification.name" value="Java Platform API Specification"/>
    <property name="java.vm.specification.vendor" value="Oracle Corporation"/>
    <property name="java.awt.graphicsenv" value="sun.awt.CGraphicsEnvironment"/>
    <property name="surefire.real.class.path" value="/Users/alerojas/Proyectos/practicas-w16/6. sprint II/be_java_hisp_w16_g10_rojas/target/surefire/surefirebooter11086823476292384133.jar"/>
    <property name="sun.management.compiler" value="HotSpot 64-Bit Tiered Compilers"/>
    <property name="ftp.nonProxyHosts" value="local|*.local|169.254/16|*.169.254/16"/>
    <property name="java.runtime.version" value="11.0.16+8-LTS"/>
    <property name="user.name" value="alerojas"/>
    <property name="path.separator" value=":"/>
    <property name="os.version" value="12.5"/>
    <property name="java.runtime.name" value="OpenJDK Runtime Environment"/>
    <property name="file.encoding" value="UTF-8"/>
    <property name="java.vm.name" value="OpenJDK 64-Bit Server VM"/>
    <property name="java.vendor.version" value="Corretto-11.0.16.8.1"/>
    <property name="localRepository" value="/Users/alerojas/.m2/repository"/>
    <property name="java.vendor.url.bug" value="https://github.com/corretto/corretto-11/issues/"/>
    <property name="java.io.tmpdir" value="/var/folders/xn/sjzvs4gd4q9cv91c8pnh95_dpq67zg/T/"/>
    <property name="java.version" value="11.0.16"/>
    <property name="user.dir" value="/Users/alerojas/Proyectos/practicas-w16/6. sprint II/be_java_hisp_w16_g10_rojas"/>
    <property name="os.arch" value="x86_64"/>
    <property name="java.vm.specification.name" value="Java Virtual Machine Specification"/>
    <property name="java.awt.printerjob" value="sun.lwawt.macosx.CPrinterJob"/>
    <property name="sun.os.patch.level" value="unknown"/>
    <property name="java.library.path" value="/Users/alerojas/Library/Java/Extensions:/Library/Java/Extensions:/Network/Library/Java/Extensions:/System/Library/Java/Extensions:/usr/lib/java:."/>
    <property name="java.vm.info" value="mixed mode"/>
    <property name="java.vendor" value="Amazon.com Inc."/>
    <property name="java.vm.version" value="11.0.16+8-LTS"/>
    <property name="sun.io.unicode.encoding" value="UnicodeBig"/>
    <property name="java.class.version" value="55.0"/>
    <property name="socksNonProxyHosts" value="local|*.local|169.254/16|*.169.254/16"/>
  </properties>
  <testcase name="shouldRiseBadRequestException_whenTryToUnfollowTheSameId" classname="com.bootcamp.be_java_hisp_w16_g10.service.UserServiceTest" time="0.385"/>
  <testcase name="shouldFollowTheUser" classname="com.bootcamp.be_java_hisp_w16_g10.service.UserServiceTest" time="0.145"/>
  <testcase name="shouldReturnBadRequestExceptionInCountFollowers" classname="com.bootcamp.be_java_hisp_w16_g10.service.UserServiceTest" time="0.014"/>
  <testcase name="shouldFindById" classname="com.bootcamp.be_java_hisp_w16_g10.service.UserServiceTest" time="0.005"/>
  <testcase name="shouldReturnBadRequestExceptionIsNotSellerInListFollowers" classname="com.bootcamp.be_java_hisp_w16_g10.service.UserServiceTest" time="0.005"/>
  <testcase name="shouldUnfollowASeller" classname="com.bootcamp.be_java_hisp_w16_g10.service.UserServiceTest" time="0.003"/>
  <testcase name="shouldRiseBadRequestException_whenTheUserIsNotBeingFollowed" classname="com.bootcamp.be_java_hisp_w16_g10.service.UserServiceTest" time="0.007"/>
  <testcase name="shouldRaiseAnException_whenTheUserToFollowIsNotASeller" classname="com.bootcamp.be_java_hisp_w16_g10.service.UserServiceTest" time="0.004"/>
  <testcase name="findAll" classname="com.bootcamp.be_java_hisp_w16_g10.service.UserServiceTest" time="0.005"/>
  <testcase name="shouldReturnOrderAscInListFollowed" classname="com.bootcamp.be_java_hisp_w16_g10.service.UserServiceTest" time="0.01"/>
  <testcase name="shouldReturnAUser_whenValidateUser" classname="com.bootcamp.be_java_hisp_w16_g10.service.UserServiceTest" time="0.002"/>
  <testcase name="shouldReturnOrderAscInListFollowers" classname="com.bootcamp.be_java_hisp_w16_g10.service.UserServiceTest" time="0.008"/>
  <testcase name="shouldReturnCountFollowers" classname="com.bootcamp.be_java_hisp_w16_g10.service.UserServiceTest" time="0.003"/>
  <testcase name="shouldReturnOrderDescInListFollowers" classname="com.bootcamp.be_java_hisp_w16_g10.service.UserServiceTest" time="0.005"/>
  <testcase name="validateUserNotFoundCountFollowers" classname="com.bootcamp.be_java_hisp_w16_g10.service.UserServiceTest" time="0.003"/>
  <testcase name="shouldReturnOrderDescInListFollowed" classname="com.bootcamp.be_java_hisp_w16_g10.service.UserServiceTest" time="0.003"/>
  <testcase name="shouldReturnBadRequestExceptionInvalidOrderInListFollowers" classname="com.bootcamp.be_java_hisp_w16_g10.service.UserServiceTest" time="0.004"/>
  <testcase name="shouldReturnBadRequestExceptionInvalidOrderInListFollowed" classname="com.bootcamp.be_java_hisp_w16_g10.service.UserServiceTest" time="0.003"/>
  <testcase name="shouldRaiseAnException_whenTheUserDoesNotExists" classname="com.bootcamp.be_java_hisp_w16_g10.service.UserServiceTest" time="0.002"/>
  <testcase name="shouldRaiseBadRequestException_whenTwoIdsAreEquals" classname="com.bootcamp.be_java_hisp_w16_g10.service.UserServiceTest" time="0.004"/>
  <testcase name="shouldRaiseAnException_whenTheUserToFollowDoesNotExists" classname="com.bootcamp.be_java_hisp_w16_g10.service.UserServiceTest" time="0.004"/>
  <testcase name="shouldRiseNotFoundException_whenFindByIdReturnsNull" classname="com.bootcamp.be_java_hisp_w16_g10.service.UserServiceTest" time="0.008"/>
  <testcase name="shouldThrowNotFoundException_whenUserNotFound" classname="com.bootcamp.be_java_hisp_w16_g10.service.UserServiceTest" time="0.004"/>
  <testcase name="shouldRaiseAnException_whenTheUserAlreadyFollowTheUser" classname="com.bootcamp.be_java_hisp_w16_g10.service.UserServiceTest" time="0.004"/>
</testsuite>